2021-08-22 19:13:47,095 | DEBUG | tempAir 25.7 C, humAir 63.6 %, status 0, CRC 0xf1d8, byte [3, 4, 2, 124, 1, 1, 241, 216] | picont.py[114]
2021-08-22 19:13:47,199 | DEBUG | tempWater 20.5 C, tempRef 26.4 C, status 0, byte [0x1, 0x48, 0x1a, 0x60] | picont.py[190]
2021-08-22 19:13:47,202 | DEBUG | mySQL query : insert into sensorDB (ac100v1,ac100v2,ac100v3,ac100v4,ac100v5,ac100v6,watar_temperature,air_temperature,air_humidity,food_level,status_sensor_watar,status_sensor_air,status) values('1','1','0','0','0','0','22.5','25.7','43.6','80.0','0','0','0') | sqlcont.py[236]
2021-08-22 19:13:47,213 | DEBUG | successed in operating sensorDB | sqlcont.py[247]
2021-08-22 19:13:47,213 | INFO | updated sensorDB | main.py[89]
2021-08-22 19:23:48,774 | DEBUG | tempAir 25.7 C, humAir 63.4 %, status 0, CRC 0x11d9, byte [3, 4, 2, 122, 1, 1, 17, 217] | picont.py[114]
2021-08-22 19:23:48,875 | DEBUG | tempWater 20.0 C, tempRef 26.4 C, status 0, byte [0x1, 0x40, 0x1a, 0x70] | picont.py[190]
2021-08-22 19:23:48,877 | DEBUG | mySQL query : insert into sensorDB (ac100v1,ac100v2,ac100v3,ac100v4,ac100v5,ac100v6,watar_temperature,air_temperature,air_humidity,food_level,status_sensor_watar,status_sensor_air,status) values('1','1','0','0','0','0','22.0','25.7','43.4','80.0','0','0','0') | sqlcont.py[236]
2021-08-22 19:23:48,884 | DEBUG | successed in operating sensorDB | sqlcont.py[247]
2021-08-22 19:23:48,884 | INFO | updated sensorDB | main.py[89]
2021-08-22 19:33:50,424 | DEBUG | tempAir 25.8 C, humAir 63.2 %, status 0, CRC 0xf018, byte [3, 4, 2, 120, 1, 2, 240, 24] | picont.py[114]
2021-08-22 19:33:50,526 | DEBUG | tempWater 21.5 C, tempRef 26.4 C, status 0, byte [0x1, 0x58, 0x1a, 0x70] | picont.py[190]
2021-08-22 19:33:50,528 | DEBUG | mySQL query : insert into sensorDB (ac100v1,ac100v2,ac100v3,ac100v4,ac100v5,ac100v6,watar_temperature,air_temperature,air_humidity,food_level,status_sensor_watar,status_sensor_air,status) values('1','1','0','0','0','0','23.5','25.8','43.2','80.0','0','0','0') | sqlcont.py[236]
2021-08-22 19:33:50,538 | DEBUG | successed in operating sensorDB | sqlcont.py[247]
2021-08-22 19:33:50,539 | INFO | updated sensorDB | main.py[89]
2021-08-22 19:43:52,069 | DEBUG | tempAir 25.9 C, humAir 64.5 %, status 0, CRC 0xa028, byte [3, 4, 2, 133, 1, 3, 160, 40] | picont.py[114]
2021-08-22 19:43:52,170 | DEBUG | tempWater 21.8 C, tempRef 26.6 C, status 0, byte [0x1, 0x5c, 0x1a, 0x90] | picont.py[190]
2021-08-22 19:43:52,173 | DEBUG | mySQL query : insert into sensorDB (ac100v1,ac100v2,ac100v3,ac100v4,ac100v5,ac100v6,watar_temperature,air_temperature,air_humidity,food_level,status_sensor_watar,status_sensor_air,status) values('1','1','0','0','0','0','23.8','25.9','44.5','80.0','0','0','0') | sqlcont.py[236]
2021-08-22 19:43:52,180 | DEBUG | successed in operating sensorDB | sqlcont.py[247]
2021-08-22 19:43:52,181 | INFO | updated sensorDB | main.py[89]
2021-08-22 19:53:53,735 | DEBUG | tempAir 26.0 C, humAir 66.7 %, status 0, CRC 0x81ec, byte [3, 4, 2, 155, 1, 4, 129, 236] | picont.py[114]
2021-08-22 19:53:53,837 | DEBUG | tempWater 22.0 C, tempRef 26.6 C, status 0, byte [0x1, 0x60, 0x1a, 0xa0] | picont.py[190]
2021-08-22 19:53:53,839 | DEBUG | mySQL query : insert into sensorDB (ac100v1,ac100v2,ac100v3,ac100v4,ac100v5,ac100v6,watar_temperature,air_temperature,air_humidity,food_level,status_sensor_watar,status_sensor_air,status) values('1','1','0','0','0','0','24.0','26.0','46.7','80.0','0','0','0') | sqlcont.py[236]
2021-08-22 19:53:53,846 | DEBUG | successed in operating sensorDB | sqlcont.py[247]
2021-08-22 19:53:53,847 | INFO | updated sensorDB | main.py[89]
2021-08-22 20:00:00,718 | DEBUG | SQL query : select * from cameraDB order by datetimenow desc limit 1 | sqlcont.py[386]
2021-08-22 20:00:00,723 | DEBUG | SQL query : insert into cameraDB (filename,movieflag) values('179',1); | sqlcont.py[395]
2021-08-22 20:00:00,730 | DEBUG | successed in operating cameraDB | sqlcont.py[405]
2021-08-22 20:00:03,597 | DEBUG | Shell : fswebcam -r 1920x1080 --no-banner -F 10 /home/tapstar/www/img/picture/179.jpg | main.py[241]
2021-08-22 20:00:03,604 | DEBUG | Shell : ffmpeg -y -f alsa -thread_queue_size 8192 -i plughw:CARD=Camera,DEV=0 -f v4l2 -thread_queue_size 8192 -s 640x360 -i /dev/video0 -c:v h264_omx -b:v 768k -c:a aac /home/tapstar/www/img/movie/179.mp4 | main.py[247]
2021-08-22 20:00:18,618 | DEBUG | mySQL query : insert into logDB (logtype,logtext) values('info','写真動画を撮影しました') | sqlcont.py[65]
2021-08-22 20:00:18,634 | DEBUG | successed in operating logDB | sqlcont.py[75]
2021-08-22 20:00:18,635 | INFO | 写真・動画撮影に成功しました | main.py[258]
2021-08-22 20:00:18,738 | DEBUG | tempAir 26.0 C, humAir 68.0 %, status 0, CRC 0x71e3, byte [3, 4, 2, 168, 1, 4, 113, 227] | picont.py[114]
2021-08-22 20:00:18,840 | DEBUG | tempWater 21.0 C, tempRef 26.7 C, status 0, byte [0x1, 0x50, 0x1a, 0xb0] | picont.py[190]
2021-08-22 20:00:18,843 | DEBUG | mySQL query : insert into sensorDB (ac100v1,ac100v2,ac100v3,ac100v4,ac100v5,ac100v6,watar_temperature,air_temperature,air_humidity,food_level,status_sensor_watar,status_sensor_air,status) values('1','1','0','0','0','0','23.0','26.0','48.0','80.0','0','0','0') | sqlcont.py[236]
2021-08-22 20:00:18,853 | DEBUG | successed in operating sensorDB | sqlcont.py[247]
2021-08-22 20:00:18,853 | INFO | updated sensorDB | main.py[89]
2021-08-22 20:04:13,520 | DEBUG | tempAir 26.0 C, humAir 68.3 %, status 0, CRC 0x81e3, byte [3, 4, 2, 171, 1, 4, 129, 227] | picont.py[114]
2021-08-22 20:04:13,622 | DEBUG | tempWater 21.2 C, tempRef 26.6 C, status 0, byte [0x1, 0x54, 0x1a, 0xa0] | picont.py[190]
2021-08-22 20:04:13,625 | DEBUG | mySQL query : insert into sensorDB (ac100v1,ac100v2,ac100v3,ac100v4,ac100v5,ac100v6,watar_temperature,air_temperature,air_humidity,food_level,status_sensor_watar,status_sensor_air,status) values('1','1','0','0','0','0','23.2','26.0','48.3','80.0','0','0','0') | sqlcont.py[236]
2021-08-22 20:04:13,632 | DEBUG | successed in operating sensorDB | sqlcont.py[247]
2021-08-22 20:04:13,632 | INFO | updated sensorDB | main.py[89]
2021-08-22 20:14:15,185 | DEBUG | tempAir 26.0 C, humAir 68.7 %, status 0, CRC 0xc022, byte [3, 4, 2, 175, 1, 4, 192, 34] | picont.py[114]
2021-08-22 20:14:15,286 | DEBUG | tempWater 21.5 C, tempRef 26.6 C, status 0, byte [0x1, 0x58, 0x1a, 0xa0] | picont.py[190]
2021-08-22 20:14:15,289 | DEBUG | mySQL query : insert into sensorDB (ac100v1,ac100v2,ac100v3,ac100v4,ac100v5,ac100v6,watar_temperature,air_temperature,air_humidity,food_level,status_sensor_watar,status_sensor_air,status) values('1','1','0','0','0','0','23.5','26.0','48.7','80.0','0','0','0') | sqlcont.py[236]
2021-08-22 20:14:15,296 | DEBUG | successed in operating sensorDB | sqlcont.py[247]
2021-08-22 20:14:15,296 | INFO | updated sensorDB | main.py[89]
2021-08-22 20:24:16,833 | DEBUG | tempAir 26.0 C, humAir 69.2 %, status 0, CRC 0xb025, byte [3, 4, 2, 180, 1, 4, 176, 37] | picont.py[114]
2021-08-22 20:24:16,935 | DEBUG | tempWater 21.0 C, tempRef 26.6 C, status 0, byte [0x1, 0x50, 0x1a, 0xa0] | picont.py[190]
2021-08-22 20:24:16,938 | DEBUG | mySQL query : insert into sensorDB (ac100v1,ac100v2,ac100v3,ac100v4,ac100v5,ac100v6,watar_temperature,air_temperature,air_humidity,food_level,status_sensor_watar,status_sensor_air,status) values('1','1','0','0','0','0','23.0','26.0','49.2','80.0','0','0','0') | sqlcont.py[236]
2021-08-22 20:24:16,945 | DEBUG | successed in operating sensorDB | sqlcont.py[247]
2021-08-22 20:24:16,946 | INFO | updated sensorDB | main.py[89]
2021-08-22 20:34:18,503 | DEBUG | tempAir 26.0 C, humAir 69.2 %, status 0, CRC 0xb025, byte [3, 4, 2, 180, 1, 4, 176, 37] | picont.py[114]
2021-08-22 20:34:18,504 | DEBUG | status -3 error | picont.py[170]
2021-08-22 20:34:18,605 | DEBUG | tempWater 20.5 C, tempRef 26.6 C, status -3, byte [0x1, 0x49, 0x1a, 0x92] | picont.py[190]
2021-08-22 20:34:18,607 | DEBUG | mySQL query : insert into sensorDB (ac100v1,ac100v2,ac100v3,ac100v4,ac100v5,ac100v6,watar_temperature,air_temperature,air_humidity,food_level,status_sensor_watar,status_sensor_air,status) values('1','1','0','0','0','0','22.5','26.0','49.2','80.0','-3','0','0') | sqlcont.py[236]
2021-08-22 20:34:18,614 | DEBUG | successed in operating sensorDB | sqlcont.py[247]
2021-08-22 20:34:18,615 | INFO | updated sensorDB | main.py[89]
2021-08-22 20:44:20,172 | DEBUG | tempAir 25.9 C, humAir 69.3 %, status 0, CRC 0xa027, byte [3, 4, 2, 181, 1, 3, 160, 39] | picont.py[114]
2021-08-22 20:44:20,274 | DEBUG | tempWater 22.0 C, tempRef 26.6 C, status 0, byte [0x1, 0x60, 0x1a, 0x90] | picont.py[190]
2021-08-22 20:44:20,276 | DEBUG | mySQL query : insert into sensorDB (ac100v1,ac100v2,ac100v3,ac100v4,ac100v5,ac100v6,watar_temperature,air_temperature,air_humidity,food_level,status_sensor_watar,status_sensor_air,status) values('1','1','0','0','0','0','24.0','25.9','49.3','80.0','0','0','0') | sqlcont.py[236]
2021-08-22 20:44:20,283 | DEBUG | successed in operating sensorDB | sqlcont.py[247]
2021-08-22 20:44:20,284 | INFO | updated sensorDB | main.py[89]
2021-08-22 20:54:21,844 | DEBUG | tempAir 25.9 C, humAir 69.0 %, status 0, CRC 0x11e6, byte [3, 4, 2, 178, 1, 3, 17, 230] | picont.py[114]
2021-08-22 20:54:21,945 | DEBUG | tempWater 21.0 C, tempRef 26.6 C, status 0, byte [0x1, 0x50, 0x1a, 0x90] | picont.py[190]
2021-08-22 20:54:21,948 | DEBUG | mySQL query : insert into sensorDB (ac100v1,ac100v2,ac100v3,ac100v4,ac100v5,ac100v6,watar_temperature,air_temperature,air_humidity,food_level,status_sensor_watar,status_sensor_air,status) values('1','1','0','0','0','0','23.0','25.9','49.0','80.0','0','0','0') | sqlcont.py[236]
2021-08-22 20:54:21,954 | DEBUG | successed in operating sensorDB | sqlcont.py[247]
2021-08-22 20:54:21,955 | INFO | updated sensorDB | main.py[89]
2021-08-22 21:04:23,524 | DEBUG | tempAir 25.9 C, humAir 68.7 %, status 0, CRC 0x81e0, byte [3, 4, 2, 175, 1, 3, 129, 224] | picont.py[114]
2021-08-22 21:04:23,626 | DEBUG | tempWater 20.2 C, tempRef 26.6 C, status 0, byte [0x1, 0x44, 0x1a, 0x90] | picont.py[190]
2021-08-22 21:04:23,629 | DEBUG | mySQL query : insert into sensorDB (ac100v1,ac100v2,ac100v3,ac100v4,ac100v5,ac100v6,watar_temperature,air_temperature,air_humidity,food_level,status_sensor_watar,status_sensor_air,status) values('1','1','0','0','0','0','22.2','25.9','48.7','80.0','0','0','0') | sqlcont.py[236]
2021-08-22 21:04:23,636 | DEBUG | successed in operating sensorDB | sqlcont.py[247]
2021-08-22 21:04:23,637 | INFO | updated sensorDB | main.py[89]
2021-08-22 21:14:25,191 | DEBUG | tempAir 26.0 C, humAir 68.5 %, status 0, CRC 0x61e2, byte [3, 4, 2, 173, 1, 4, 97, 226] | picont.py[114]
2021-08-22 21:14:25,292 | DEBUG | tempWater 22.0 C, tempRef 26.6 C, status 0, byte [0x1, 0x60, 0x1a, 0x90] | picont.py[190]
2021-08-22 21:14:25,295 | DEBUG | mySQL query : insert into sensorDB (ac100v1,ac100v2,ac100v3,ac100v4,ac100v5,ac100v6,watar_temperature,air_temperature,air_humidity,food_level,status_sensor_watar,status_sensor_air,status) values('1','1','0','0','0','0','24.0','26.0','48.5','80.0','0','0','0') | sqlcont.py[236]
2021-08-22 21:14:25,302 | DEBUG | successed in operating sensorDB | sqlcont.py[247]
2021-08-22 21:14:25,303 | INFO | updated sensorDB | main.py[89]
2021-08-22 21:24:26,853 | DEBUG | tempAir 25.9 C, humAir 68.4 %, status 0, CRC 0x71e0, byte [3, 4, 2, 172, 1, 3, 113, 224] | picont.py[114]
2021-08-22 21:24:26,954 | DEBUG | tempWater 22.0 C, tempRef 26.6 C, status 0, byte [0x1, 0x60, 0x1a, 0x90] | picont.py[190]
2021-08-22 21:24:26,957 | DEBUG | mySQL query : insert into sensorDB (ac100v1,ac100v2,ac100v3,ac100v4,ac100v5,ac100v6,watar_temperature,air_temperature,air_humidity,food_level,status_sensor_watar,status_sensor_air,status) values('1','1','0','0','0','0','24.0','25.9','48.400000000000006','80.0','0','0','0') | sqlcont.py[236]
2021-08-22 21:24:26,964 | DEBUG | successed in operating sensorDB | sqlcont.py[247]
2021-08-22 21:24:26,965 | INFO | updated sensorDB | main.py[89]
2021-08-22 21:34:28,510 | DEBUG | tempAir 25.9 C, humAir 68.2 %, status 0, CRC 0x91e1, byte [3, 4, 2, 170, 1, 3, 145, 225] | picont.py[114]
2021-08-22 21:34:28,612 | DEBUG | tempWater 21.5 C, tempRef 26.5 C, status 0, byte [0x1, 0x58, 0x1a, 0x80] | picont.py[190]
2021-08-22 21:34:28,614 | DEBUG | mySQL query : insert into sensorDB (ac100v1,ac100v2,ac100v3,ac100v4,ac100v5,ac100v6,watar_temperature,air_temperature,air_humidity,food_level,status_sensor_watar,status_sensor_air,status) values('1','1','0','0','0','0','23.5','25.9','48.2','80.0','0','0','0') | sqlcont.py[236]
2021-08-22 21:34:28,621 | DEBUG | successed in operating sensorDB | sqlcont.py[247]
2021-08-22 21:34:28,622 | INFO | updated sensorDB | main.py[89]
2021-08-22 21:44:30,170 | DEBUG | tempAir 25.9 C, humAir 68.1 %, status 0, CRC 0x61e1, byte [3, 4, 2, 169, 1, 3, 97, 225] | picont.py[114]
2021-08-22 21:44:30,271 | DEBUG | tempWater 20.8 C, tempRef 26.6 C, status 0, byte [0x1, 0x4c, 0x1a, 0x90] | picont.py[190]
2021-08-22 21:44:30,274 | DEBUG | mySQL query : insert into sensorDB (ac100v1,ac100v2,ac100v3,ac100v4,ac100v5,ac100v6,watar_temperature,air_temperature,air_humidity,food_level,status_sensor_watar,status_sensor_air,status) values('1','1','0','0','0','0','22.8','25.9','48.099999999999994','80.0','0','0','0') | sqlcont.py[236]
2021-08-22 21:44:30,283 | DEBUG | successed in operating sensorDB | sqlcont.py[247]
2021-08-22 21:44:30,284 | INFO | updated sensorDB | main.py[89]
2021-08-22 21:54:31,847 | DEBUG | tempAir 25.9 C, humAir 68.2 %, status 0, CRC 0x91e1, byte [3, 4, 2, 170, 1, 3, 145, 225] | picont.py[114]
2021-08-22 21:54:31,948 | DEBUG | tempWater 22.0 C, tempRef 26.5 C, status 0, byte [0x1, 0x60, 0x1a, 0x80] | picont.py[190]
2021-08-22 21:54:31,951 | DEBUG | mySQL query : insert into sensorDB (ac100v1,ac100v2,ac100v3,ac100v4,ac100v5,ac100v6,watar_temperature,air_temperature,air_humidity,food_level,status_sensor_watar,status_sensor_air,status) values('1','1','0','0','0','0','24.0','25.9','48.2','80.0','0','0','0') | sqlcont.py[236]
2021-08-22 21:54:31,958 | DEBUG | successed in operating sensorDB | sqlcont.py[247]
2021-08-22 21:54:31,958 | INFO | updated sensorDB | main.py[89]
2021-08-22 22:04:33,513 | DEBUG | tempAir 25.9 C, humAir 68.3 %, status 0, CRC 0xc021, byte [3, 4, 2, 171, 1, 3, 192, 33] | picont.py[114]
2021-08-22 22:04:33,615 | DEBUG | tempWater 21.8 C, tempRef 26.6 C, status 0, byte [0x1, 0x5c, 0x1a, 0x90] | picont.py[190]
2021-08-22 22:04:33,617 | DEBUG | mySQL query : insert into sensorDB (ac100v1,ac100v2,ac100v3,ac100v4,ac100v5,ac100v6,watar_temperature,air_temperature,air_humidity,food_level,status_sensor_watar,status_sensor_air,status) values('1','1','0','0','0','0','23.8','25.9','48.3','80.0','0','0','0') | sqlcont.py[236]
2021-08-22 22:04:33,624 | DEBUG | successed in operating sensorDB | sqlcont.py[247]
2021-08-22 22:04:33,624 | INFO | updated sensorDB | main.py[89]
2021-08-22 22:14:35,184 | DEBUG | tempAir 26.0 C, humAir 68.4 %, status 0, CRC 0x3022, byte [3, 4, 2, 172, 1, 4, 48, 34] | picont.py[114]
2021-08-22 22:14:35,285 | DEBUG | tempWater 22.0 C, tempRef 26.6 C, status 0, byte [0x1, 0x60, 0x1a, 0xa0] | picont.py[190]
2021-08-22 22:14:35,288 | DEBUG | mySQL query : insert into sensorDB (ac100v1,ac100v2,ac100v3,ac100v4,ac100v5,ac100v6,watar_temperature,air_temperature,air_humidity,food_level,status_sensor_watar,status_sensor_air,status) values('1','1','0','0','0','0','24.0','26.0','48.400000000000006','80.0','0','0','0') | sqlcont.py[236]
2021-08-22 22:14:35,297 | DEBUG | successed in operating sensorDB | sqlcont.py[247]
2021-08-22 22:14:35,298 | INFO | updated sensorDB | main.py[89]
2021-08-23 00:02:50,262 | INFO | main.py start | main.py[689]
2021-08-23 00:02:50,288 | INFO | successed in login to mariaDB databases | sqlcont.py[40]
2021-08-23 00:02:50,288 | DEBUG | mySQL query : insert into logDB (logtype,logtext) values('info','サーバ側のプログラムを開始しました') | sqlcont.py[65]
2021-08-23 00:02:50,549 | DEBUG | successed in operating logDB | sqlcont.py[75]
2021-08-23 00:02:50,557 | DEBUG | success loading parameter file ./parameter/main_parameter.json | main.py[288]
2021-08-23 00:02:50,566 | INFO | schduleの設定を更新しました | main.py[430]
2021-08-23 00:02:50,671 | DEBUG | tempAir 26.0 C, humAir 71.5 %, status 0, CRC 0x81fd, byte [3, 4, 2, 203, 1, 4, 129, 253] | picont.py[114]
2021-08-23 00:02:50,773 | DEBUG | tempWater 17.2 C, tempRef 26.7 C, status 0, byte [0x1, 0x14, 0x1a, 0xb0] | picont.py[190]
2021-08-23 00:02:50,774 | DEBUG | mySQL query : insert into sensorDB (ac100v1,ac100v2,ac100v3,ac100v4,ac100v5,ac100v6,watar_temperature,air_temperature,air_humidity,food_level,status_sensor_watar,status_sensor_air,status) values('0','0','0','0','0','0','19.2','26.0','51.5','80.0','0','0','0') | sqlcont.py[236]
2021-08-23 00:02:51,033 | DEBUG | successed in operating sensorDB | sqlcont.py[247]
2021-08-23 00:02:51,034 | INFO | updated sensorDB | main.py[89]
2021-08-23 00:02:57,071 | DEBUG | websocket recv > {"messagetype":"get_parameter"} | main.py[478]
2021-08-23 00:02:57,072 | INFO | websocket recv > get_parameter | main.py[489]
2021-08-23 00:02:57,073 | DEBUG | success loading parameter file ./parameter/main_parameter.json | main.py[288]
2021-08-23 00:02:57,077 | DEBUG | websocket recv > {"messagetype":"get_sensordb"} | main.py[478]
2021-08-23 00:02:57,078 | INFO | websocket recv > get_sensordb | main.py[503]
2021-08-23 00:02:57,078 | DEBUG | mySQL query : select * from sensorDB order by datetimenow desc limit 1 | sqlcont.py[274]
2021-08-23 00:02:57,153 | DEBUG | successed in operating sensorDB | sqlcont.py[288]
2021-08-23 00:02:57,155 | DEBUG | websocket recv > {"messagetype":"get_logdb","args":{"entries":"10","filter":"iwa"}} | main.py[478]
2021-08-23 00:02:57,155 | INFO | websocket recv > get_logdb | main.py[531]
2021-08-23 00:02:57,156 | DEBUG | mySQL query : select * from logDB  order by num desc limit 10 | sqlcont.py[116]
2021-08-23 00:02:57,160 | DEBUG | Successed in operating database logDB | sqlcont.py[141]
2021-08-23 00:02:57,161 | DEBUG | websocket recv > {"messagetype":"get_cameradb","args":{"entries":20}} | main.py[478]
2021-08-23 00:02:57,162 | INFO | websocket recv > get_cameradb | main.py[545]
2021-08-23 00:02:57,162 | DEBUG | mySQL query : select * from cameraDB order by num desc limit 20 | sqlcont.py[169]
2021-08-23 00:02:57,169 | DEBUG | Successed in operating database cameraDB | sqlcont.py[190]
2021-08-23 00:02:57,171 | DEBUG | websocket recv > {"messagetype":"get_dataview","args":{"sensorname":"watar_temperature","period":"1"}} | main.py[478]
2021-08-23 00:02:57,172 | INFO | websocket recv > get_dataview | main.py[517]
2021-08-23 00:02:57,172 | DEBUG | SQL query : SELECT datetimenow,watar_temperature FROM sensorDB WHERE datetimenow BETWEEN '2021-08-22 00:02:57' AND '2021-08-23 00:02:57' | sqlcont.py[337]
2021-08-23 00:02:57,216 | DEBUG | successed in operating sensorDB (dataview) | sqlcont.py[361]
2021-08-23 00:03:49,016 | DEBUG | websocket recv > {"messagetype":"set_parameter","args":{"schedule":[{"schedule_name":"ライト ON","device_id":"ac100v_no1","schedule_time":"16:00","job_args":"ON","schedule_day":["sun","mon","tue","wed","thu","fri","sat"]},{"schedule_name":"ライト OFF","device_id":"ac100v_no1","schedule_time":"23:50","job_args":"OFF","schedule_day":["sun","mon","tue","wed","thu","fri","sat"]},{"schedule_name":"CO2 ON","device_id":"ac100v_no2","schedule_time":"15:30","job_args":"ON","schedule_day":["sun","mon","tue","wed","thu","fri","sat"]},{"schedule_name":"CO2 OFF","device_id":"ac100v_no2","schedule_time":"23:00","job_args":"OFF","schedule_day":["sun","mon","tue","wed","thu","fri","sat"]},{"schedule_name":"AIR ON","device_id":"ac100v_no3","schedule_time":"08:00","job_args":"ON","schedule_day":["sun","mon","tue","wed","thu","fri","sat"]},{"schedule_name":"AIR OFF","device_id":"ac100v_no3","schedule_time":"15:30","job_args":"OFF","schedule_day":["sun","mon","tue","wed","thu","fri","sat"]},{"schedule_name":"カメラ撮影","device_id":"picmovie_no1","schedule_time":"20:00","job_args":"ON","schedule_day":["sun","mon","tue","wed","thu","fri","sat"]}],"control":{"feeding":{"solenoid_on_count":3,"solenoid_on_time":0.2,"solenoid_on_intervaltime":2},"update_sensordb_interval":10,"coolfan_threshould":29,"heater_threshould":22},"camera":{"record_movie_time":15,"picture_f":10,"livestream_maxtime":1},"monitor":{"alarm_watar_temperature":{"lower":22,"upper":32},"alarm_air_temperature":{"lower":10,"upper":35},"alarm_air_humidity":{"lower":30,"upper":90}},"device_id_name":{"ac100v_no1":"照明","ac100v_no2":"not use","ac100v_no3":"エアレーション","ac100v_no4":"冷却ファン","ac100v_no5":"CO2","ac100v_no6":"FAN","feeder_no1":"えさやり","picmovie_no1":"カメラ"},"other":{"mailaddress":"xxxxx@gmail.com","watar_temperature_compensation":2,"air_temperature_compensation":0,"air_humidity_compensation":-20}}} | main.py[478]
2021-08-23 00:03:49,017 | INFO | websocket recv > set_parameter | main.py[559]
2021-08-23 00:03:49,020 | INFO | success saving parameter file ./parameter/main_parameter.json | main.py[319]
2021-08-23 00:03:49,022 | DEBUG | success loading parameter file ./parameter/main_parameter.json | main.py[288]
2021-08-23 00:03:49,037 | INFO | schduleの設定を更新しました | main.py[430]
2021-08-23 00:03:49,038 | DEBUG | mySQL query : insert into logDB (logtype,logtext) values('info','設定を更新しました') | sqlcont.py[65]
2021-08-23 00:03:49,116 | DEBUG | successed in operating logDB | sqlcont.py[75]
2021-08-23 00:03:49,131 | DEBUG | websocket recv > {"messagetype":"get_parameter"} | main.py[478]
2021-08-23 00:03:49,131 | INFO | websocket recv > get_parameter | main.py[489]
2021-08-23 00:03:49,132 | DEBUG | success loading parameter file ./parameter/main_parameter.json | main.py[288]
2021-08-23 00:03:49,136 | DEBUG | websocket recv > {"messagetype":"get_sensordb"} | main.py[478]
2021-08-23 00:03:49,137 | INFO | websocket recv > get_sensordb | main.py[503]
2021-08-23 00:03:49,137 | DEBUG | mySQL query : select * from sensorDB order by datetimenow desc limit 1 | sqlcont.py[274]
2021-08-23 00:03:49,210 | DEBUG | successed in operating sensorDB | sqlcont.py[288]
2021-08-23 00:03:49,212 | DEBUG | websocket recv > {"messagetype":"get_logdb","args":{"entries":"10","filter":"iwa"}} | main.py[478]
2021-08-23 00:03:49,212 | INFO | websocket recv > get_logdb | main.py[531]
2021-08-23 00:03:49,212 | DEBUG | mySQL query : select * from logDB  order by num desc limit 10 | sqlcont.py[116]
2021-08-23 00:03:49,216 | DEBUG | Successed in operating database logDB | sqlcont.py[141]
2021-08-23 00:03:49,220 | DEBUG | websocket recv > {"messagetype":"get_cameradb","args":{"entries":20}} | main.py[478]
2021-08-23 00:03:49,220 | INFO | websocket recv > get_cameradb | main.py[545]
2021-08-23 00:03:49,220 | DEBUG | mySQL query : select * from cameraDB order by num desc limit 20 | sqlcont.py[169]
2021-08-23 00:03:49,226 | DEBUG | Successed in operating database cameraDB | sqlcont.py[190]
2021-08-23 00:03:53,880 | DEBUG | websocket recv > {"messagetype":"get_parameter"} | main.py[478]
2021-08-23 00:03:53,881 | INFO | websocket recv > get_parameter | main.py[489]
2021-08-23 00:03:53,882 | DEBUG | success loading parameter file ./parameter/main_parameter.json | main.py[288]
2021-08-23 00:03:53,886 | DEBUG | websocket recv > {"messagetype":"get_sensordb"} | main.py[478]
2021-08-23 00:03:53,887 | INFO | websocket recv > get_sensordb | main.py[503]
2021-08-23 00:03:53,887 | DEBUG | mySQL query : select * from sensorDB order by datetimenow desc limit 1 | sqlcont.py[274]
2021-08-23 00:03:53,961 | DEBUG | successed in operating sensorDB | sqlcont.py[288]
2021-08-23 00:03:53,965 | DEBUG | websocket recv > {"messagetype":"get_logdb","args":{"entries":"10","filter":"iwa"}} | main.py[478]
2021-08-23 00:03:53,965 | INFO | websocket recv > get_logdb | main.py[531]
2021-08-23 00:03:53,966 | DEBUG | mySQL query : select * from logDB  order by num desc limit 10 | sqlcont.py[116]
2021-08-23 00:03:53,970 | DEBUG | Successed in operating database logDB | sqlcont.py[141]
2021-08-23 00:03:53,972 | DEBUG | websocket recv > {"messagetype":"get_cameradb","args":{"entries":20}} | main.py[478]
2021-08-23 00:03:53,973 | INFO | websocket recv > get_cameradb | main.py[545]
2021-08-23 00:03:53,973 | DEBUG | mySQL query : select * from cameraDB order by num desc limit 20 | sqlcont.py[169]
2021-08-23 00:03:53,980 | DEBUG | Successed in operating database cameraDB | sqlcont.py[190]
2021-08-23 00:03:53,982 | DEBUG | websocket recv > {"messagetype":"get_dataview","args":{"sensorname":"watar_temperature","period":"1"}} | main.py[478]
2021-08-23 00:03:53,983 | INFO | websocket recv > get_dataview | main.py[517]
2021-08-23 00:03:53,983 | DEBUG | SQL query : SELECT datetimenow,watar_temperature FROM sensorDB WHERE datetimenow BETWEEN '2021-08-22 00:03:53' AND '2021-08-23 00:03:53' | sqlcont.py[337]
2021-08-23 00:03:54,037 | DEBUG | successed in operating sensorDB (dataview) | sqlcont.py[361]
2021-08-23 00:03:57,711 | DEBUG | websocket recv > {"messagetype":"get_parameter"} | main.py[478]
2021-08-23 00:03:57,712 | INFO | websocket recv > get_parameter | main.py[489]
2021-08-23 00:03:57,713 | DEBUG | success loading parameter file ./parameter/main_parameter.json | main.py[288]
2021-08-23 00:03:57,719 | DEBUG | websocket recv > {"messagetype":"get_sensordb"} | main.py[478]
2021-08-23 00:03:57,720 | INFO | websocket recv > get_sensordb | main.py[503]
2021-08-23 00:03:57,721 | DEBUG | mySQL query : select * from sensorDB order by datetimenow desc limit 1 | sqlcont.py[274]
2021-08-23 00:03:57,728 | DEBUG | successed in operating sensorDB | sqlcont.py[288]
2021-08-23 00:03:57,731 | DEBUG | websocket recv > {"messagetype":"get_logdb","args":{"entries":"10","filter":"iwa"}} | main.py[478]
2021-08-23 00:03:57,732 | INFO | websocket recv > get_logdb | main.py[531]
2021-08-23 00:03:57,733 | DEBUG | mySQL query : select * from logDB  order by num desc limit 10 | sqlcont.py[116]
2021-08-23 00:03:57,741 | DEBUG | Successed in operating database logDB | sqlcont.py[141]
2021-08-23 00:03:57,744 | DEBUG | websocket recv > {"messagetype":"get_cameradb","args":{"entries":20}} | main.py[478]
2021-08-23 00:03:57,745 | INFO | websocket recv > get_cameradb | main.py[545]
2021-08-23 00:03:57,746 | DEBUG | mySQL query : select * from cameraDB order by num desc limit 20 | sqlcont.py[169]
2021-08-23 00:03:57,755 | DEBUG | Successed in operating database cameraDB | sqlcont.py[190]
2021-08-23 00:03:57,757 | DEBUG | websocket recv > {"messagetype":"get_dataview","args":{"sensorname":"watar_temperature","period":"1"}} | main.py[478]
2021-08-23 00:03:57,758 | INFO | websocket recv > get_dataview | main.py[517]
2021-08-23 00:03:57,758 | DEBUG | SQL query : SELECT datetimenow,watar_temperature FROM sensorDB WHERE datetimenow BETWEEN '2021-08-22 00:03:57' AND '2021-08-23 00:03:57' | sqlcont.py[337]
2021-08-23 00:03:57,798 | DEBUG | successed in operating sensorDB (dataview) | sqlcont.py[361]
2021-08-23 00:04:09,294 | DEBUG | websocket recv > {"messagetype":"set_parameter","args":{"schedule":[{"schedule_name":"ライト ON","device_id":"ac100v_no1","schedule_time":"16:00","job_args":"ON","schedule_day":["sun","mon","tue","wed","thu","fri","sat"]},{"schedule_name":"ライト OFF","device_id":"ac100v_no1","schedule_time":"23:50","job_args":"OFF","schedule_day":["sun","mon","tue","wed","thu","fri","sat"]},{"schedule_name":"CO2 ON","device_id":"ac100v_no5","schedule_time":"15:30","job_args":"ON","schedule_day":["sun","mon","tue","wed","thu","fri","sat"]},{"schedule_name":"CO2 OFF","device_id":"ac100v_no5","schedule_time":"23:00","job_args":"OFF","schedule_day":["sun","mon","tue","wed","thu","fri","sat"]},{"schedule_name":"AIR ON","device_id":"ac100v_no3","schedule_time":"08:00","job_args":"ON","schedule_day":["sun","mon","tue","wed","thu","fri","sat"]},{"schedule_name":"AIR OFF","device_id":"ac100v_no3","schedule_time":"15:30","job_args":"OFF","schedule_day":["sun","mon","tue","wed","thu","fri","sat"]},{"schedule_name":"カメラ撮影","device_id":"picmovie_no1","schedule_time":"20:00","job_args":"ON","schedule_day":["sun","mon","tue","wed","thu","fri","sat"]}],"control":{"feeding":{"solenoid_on_count":3,"solenoid_on_time":0.2,"solenoid_on_intervaltime":2},"update_sensordb_interval":10,"coolfan_threshould":29,"heater_threshould":22},"camera":{"record_movie_time":15,"picture_f":10,"livestream_maxtime":1},"monitor":{"alarm_watar_temperature":{"lower":22,"upper":32},"alarm_air_temperature":{"lower":10,"upper":35},"alarm_air_humidity":{"lower":30,"upper":90}},"device_id_name":{"ac100v_no1":"照明","ac100v_no2":"not use","ac100v_no3":"エアレーション","ac100v_no4":"冷却ファン","ac100v_no5":"CO2","ac100v_no6":"FAN","feeder_no1":"えさやり","picmovie_no1":"カメラ"},"other":{"mailaddress":"xxxxx@gmail.com","watar_temperature_compensation":2,"air_temperature_compensation":0,"air_humidity_compensation":-20}}} | main.py[478]
2021-08-23 00:04:09,296 | INFO | websocket recv > set_parameter | main.py[559]
2021-08-23 00:04:09,299 | INFO | success saving parameter file ./parameter/main_parameter.json | main.py[319]
2021-08-23 00:04:09,301 | DEBUG | success loading parameter file ./parameter/main_parameter.json | main.py[288]
2021-08-23 00:04:09,316 | INFO | schduleの設定を更新しました | main.py[430]
2021-08-23 00:04:09,317 | DEBUG | mySQL query : insert into logDB (logtype,logtext) values('info','設定を更新しました') | sqlcont.py[65]
2021-08-23 00:04:09,400 | DEBUG | successed in operating logDB | sqlcont.py[75]
2021-08-23 00:04:09,413 | DEBUG | websocket recv > {"messagetype":"get_parameter"} | main.py[478]
2021-08-23 00:04:09,414 | INFO | websocket recv > get_parameter | main.py[489]
2021-08-23 00:04:09,415 | DEBUG | success loading parameter file ./parameter/main_parameter.json | main.py[288]
2021-08-23 00:04:09,419 | DEBUG | websocket recv > {"messagetype":"get_sensordb"} | main.py[478]
2021-08-23 00:04:09,420 | INFO | websocket recv > get_sensordb | main.py[503]
2021-08-23 00:04:09,420 | DEBUG | mySQL query : select * from sensorDB order by datetimenow desc limit 1 | sqlcont.py[274]
2021-08-23 00:04:09,506 | DEBUG | successed in operating sensorDB | sqlcont.py[288]
2021-08-23 00:04:09,509 | DEBUG | websocket recv > {"messagetype":"get_logdb","args":{"entries":"10","filter":"iwa"}} | main.py[478]
2021-08-23 00:04:09,509 | INFO | websocket recv > get_logdb | main.py[531]
2021-08-23 00:04:09,510 | DEBUG | mySQL query : select * from logDB  order by num desc limit 10 | sqlcont.py[116]
2021-08-23 00:04:09,513 | DEBUG | Successed in operating database logDB | sqlcont.py[141]
2021-08-23 00:04:09,516 | DEBUG | websocket recv > {"messagetype":"get_cameradb","args":{"entries":20}} | main.py[478]
2021-08-23 00:04:09,516 | INFO | websocket recv > get_cameradb | main.py[545]
2021-08-23 00:04:09,516 | DEBUG | mySQL query : select * from cameraDB order by num desc limit 20 | sqlcont.py[169]
2021-08-23 00:04:09,521 | DEBUG | Successed in operating database cameraDB | sqlcont.py[190]
2021-08-23 00:04:15,849 | DEBUG | websocket recv > {"messagetype":"control","args":{"device_id":"camera_take_picmovie"}} | main.py[478]
2021-08-23 00:04:15,850 | INFO | websocket recv > control | main.py[586]
2021-08-23 00:04:15,850 | DEBUG | SQL query : select * from cameraDB order by datetimenow desc limit 1 | sqlcont.py[386]
2021-08-23 00:04:15,855 | DEBUG | SQL query : insert into cameraDB (filename,movieflag) values('180',1); | sqlcont.py[395]
2021-08-23 00:04:15,932 | DEBUG | successed in operating cameraDB | sqlcont.py[405]
2021-08-23 00:04:18,849 | DEBUG | Shell : fswebcam -r 1920x1080 --no-banner -F 10 /home/tapstar/www/img/picture/180.jpg | main.py[241]
2021-08-23 00:04:18,858 | DEBUG | Shell : ffmpeg -y -f alsa -thread_queue_size 8192 -i plughw:CARD=Camera,DEV=0 -f v4l2 -thread_queue_size 8192 -s 640x360 -i /dev/video0 -c:v h264_omx -b:v 768k -c:a aac /home/tapstar/www/img/movie/180.mp4 | main.py[247]
2021-08-23 00:04:33,874 | DEBUG | mySQL query : insert into logDB (logtype,logtext) values('info','写真動画を撮影しました') | sqlcont.py[65]
2021-08-23 00:04:33,884 | DEBUG | successed in operating logDB | sqlcont.py[75]
2021-08-23 00:04:33,886 | INFO | 写真・動画撮影に成功しました | main.py[258]
2021-08-23 00:04:33,989 | DEBUG | tempAir 26.1 C, humAir 72.0 %, status 0, CRC 0x303a, byte [3, 4, 2, 208, 1, 5, 48, 58] | picont.py[114]
2021-08-23 00:04:34,091 | DEBUG | tempWater 19.2 C, tempRef 26.7 C, status 0, byte [0x1, 0x34, 0x1a, 0xb0] | picont.py[190]
2021-08-23 00:04:34,093 | DEBUG | mySQL query : insert into sensorDB (ac100v1,ac100v2,ac100v3,ac100v4,ac100v5,ac100v6,watar_temperature,air_temperature,air_humidity,food_level,status_sensor_watar,status_sensor_air,status) values('0','0','0','0','0','0','21.2','26.1','52.0','80.0','0','0','0') | sqlcont.py[236]
2021-08-23 00:04:34,100 | DEBUG | successed in operating sensorDB | sqlcont.py[247]
2021-08-23 00:04:34,101 | INFO | updated sensorDB | main.py[89]
2021-08-23 00:04:34,190 | DEBUG | websocket recv > {"messagetype":"get_parameter"} | main.py[478]
2021-08-23 00:04:34,191 | INFO | websocket recv > get_parameter | main.py[489]
2021-08-23 00:04:34,192 | DEBUG | success loading parameter file ./parameter/main_parameter.json | main.py[288]
2021-08-23 00:04:34,200 | DEBUG | websocket recv > {"messagetype":"get_sensordb"} | main.py[478]
2021-08-23 00:04:34,201 | INFO | websocket recv > get_sensordb | main.py[503]
2021-08-23 00:04:34,201 | DEBUG | mySQL query : select * from sensorDB order by datetimenow desc limit 1 | sqlcont.py[274]
2021-08-23 00:04:34,276 | DEBUG | successed in operating sensorDB | sqlcont.py[288]
2021-08-23 00:04:34,278 | DEBUG | websocket recv > {"messagetype":"get_logdb","args":{"entries":"10","filter":"iwa"}} | main.py[478]
2021-08-23 00:04:34,279 | INFO | websocket recv > get_logdb | main.py[531]
2021-08-23 00:04:34,279 | DEBUG | mySQL query : select * from logDB  order by num desc limit 10 | sqlcont.py[116]
2021-08-23 00:04:34,285 | DEBUG | Successed in operating database logDB | sqlcont.py[141]
2021-08-23 00:04:34,288 | DEBUG | websocket recv > {"messagetype":"get_cameradb","args":{"entries":20}} | main.py[478]
2021-08-23 00:04:34,288 | INFO | websocket recv > get_cameradb | main.py[545]
2021-08-23 00:04:34,289 | DEBUG | mySQL query : select * from cameraDB order by num desc limit 20 | sqlcont.py[169]
2021-08-23 00:04:34,297 | DEBUG | Successed in operating database cameraDB | sqlcont.py[190]
2021-08-23 00:12:25,975 | DEBUG | websocket recv > {"messagetype":"control","args":{"device_id":"camera_take_picmovie"}} | main.py[478]
2021-08-23 00:12:25,976 | INFO | websocket recv > control | main.py[586]
2021-08-23 00:12:25,976 | DEBUG | SQL query : select * from cameraDB order by datetimenow desc limit 1 | sqlcont.py[386]
2021-08-23 00:12:25,981 | DEBUG | SQL query : insert into cameraDB (filename,movieflag) values('181',1); | sqlcont.py[395]
2021-08-23 00:12:25,988 | DEBUG | successed in operating cameraDB | sqlcont.py[405]
2021-08-23 00:12:28,844 | DEBUG | Shell : fswebcam -r 1920x1080 --no-banner -F 10 /home/tapstar/www/img/picture/181.jpg | main.py[241]
2021-08-23 00:12:28,852 | DEBUG | Shell : ffmpeg -y -f alsa -thread_queue_size 8192 -i plughw:CARD=Camera,DEV=0 -f v4l2 -thread_queue_size 8192 -s 640x360 -i /dev/video0 -c:v h264_omx -b:v 768k -c:a aac /home/tapstar/www/img/movie/181.mp4 | main.py[247]
2021-08-23 00:12:43,862 | DEBUG | mySQL query : insert into logDB (logtype,logtext) values('info','写真動画を撮影しました') | sqlcont.py[65]
2021-08-23 00:12:43,870 | DEBUG | successed in operating logDB | sqlcont.py[75]
2021-08-23 00:12:43,871 | INFO | 写真・動画撮影に成功しました | main.py[258]
2021-08-23 00:12:43,974 | DEBUG | tempAir 26.1 C, humAir 72.2 %, status 0, CRC 0x91fa, byte [3, 4, 2, 210, 1, 5, 145, 250] | picont.py[114]
2021-08-23 00:12:44,076 | DEBUG | tempWater 17.8 C, tempRef 26.7 C, status 0, byte [0x1, 0x1c, 0x1a, 0xb0] | picont.py[190]
2021-08-23 00:12:44,078 | DEBUG | mySQL query : insert into sensorDB (ac100v1,ac100v2,ac100v3,ac100v4,ac100v5,ac100v6,watar_temperature,air_temperature,air_humidity,food_level,status_sensor_watar,status_sensor_air,status) values('0','0','0','0','0','0','19.8','26.1','52.2','80.0','0','0','0') | sqlcont.py[236]
2021-08-23 00:12:44,088 | DEBUG | successed in operating sensorDB | sqlcont.py[247]
2021-08-23 00:12:44,088 | INFO | updated sensorDB | main.py[89]
2021-08-23 00:12:44,208 | DEBUG | websocket recv > {"messagetype":"get_parameter"} | main.py[478]
2021-08-23 00:12:44,209 | INFO | websocket recv > get_parameter | main.py[489]
2021-08-23 00:12:44,210 | DEBUG | success loading parameter file ./parameter/main_parameter.json | main.py[288]
2021-08-23 00:12:44,216 | DEBUG | websocket recv > {"messagetype":"get_sensordb"} | main.py[478]
2021-08-23 00:12:44,217 | INFO | websocket recv > get_sensordb | main.py[503]
2021-08-23 00:12:44,218 | DEBUG | mySQL query : select * from sensorDB order by datetimenow desc limit 1 | sqlcont.py[274]
2021-08-23 00:12:44,303 | DEBUG | successed in operating sensorDB | sqlcont.py[288]
2021-08-23 00:12:44,305 | DEBUG | websocket recv > {"messagetype":"get_logdb","args":{"entries":"10","filter":"iwa"}} | main.py[478]
2021-08-23 00:12:44,306 | INFO | websocket recv > get_logdb | main.py[531]
2021-08-23 00:12:44,307 | DEBUG | mySQL query : select * from logDB  order by num desc limit 10 | sqlcont.py[116]
2021-08-23 00:12:44,313 | DEBUG | Successed in operating database logDB | sqlcont.py[141]
2021-08-23 00:12:44,316 | DEBUG | websocket recv > {"messagetype":"get_cameradb","args":{"entries":20}} | main.py[478]
2021-08-23 00:12:44,316 | INFO | websocket recv > get_cameradb | main.py[545]
2021-08-23 00:12:44,317 | DEBUG | mySQL query : select * from cameraDB order by num desc limit 20 | sqlcont.py[169]
2021-08-23 00:12:44,325 | DEBUG | Successed in operating database cameraDB | sqlcont.py[190]
2021-08-23 00:13:00,895 | DEBUG | websocket recv > {"messagetype":"control","args":{"device_id":"camera_take_picmovie"}} | main.py[478]
2021-08-23 00:13:00,895 | INFO | websocket recv > control | main.py[586]
2021-08-23 00:13:00,896 | DEBUG | SQL query : select * from cameraDB order by datetimenow desc limit 1 | sqlcont.py[386]
2021-08-23 00:13:00,901 | DEBUG | SQL query : insert into cameraDB (filename,movieflag) values('182',1); | sqlcont.py[395]
2021-08-23 00:13:00,913 | DEBUG | successed in operating cameraDB | sqlcont.py[405]
2021-08-23 00:13:03,782 | DEBUG | Shell : fswebcam -r 1920x1080 --no-banner -F 10 /home/tapstar/www/img/picture/182.jpg | main.py[241]
2021-08-23 00:13:03,790 | DEBUG | Shell : ffmpeg -y -f alsa -thread_queue_size 8192 -i plughw:CARD=Camera,DEV=0 -f v4l2 -thread_queue_size 8192 -s 640x360 -i /dev/video0 -c:v h264_omx -b:v 768k -c:a aac /home/tapstar/www/img/movie/182.mp4 | main.py[247]
2021-08-23 00:13:18,800 | DEBUG | mySQL query : insert into logDB (logtype,logtext) values('info','写真動画を撮影しました') | sqlcont.py[65]
2021-08-23 00:13:18,817 | DEBUG | successed in operating logDB | sqlcont.py[75]
2021-08-23 00:13:18,818 | INFO | 写真・動画撮影に成功しました | main.py[258]
2021-08-23 00:13:18,921 | DEBUG | tempAir 26.1 C, humAir 72.5 %, status 0, CRC 0x203b, byte [3, 4, 2, 213, 1, 5, 32, 59] | picont.py[114]
2021-08-23 00:13:19,023 | DEBUG | tempWater 17.8 C, tempRef 26.7 C, status 0, byte [0x1, 0x1c, 0x1a, 0xb0] | picont.py[190]
2021-08-23 00:13:19,025 | DEBUG | mySQL query : insert into sensorDB (ac100v1,ac100v2,ac100v3,ac100v4,ac100v5,ac100v6,watar_temperature,air_temperature,air_humidity,food_level,status_sensor_watar,status_sensor_air,status) values('0','0','0','0','0','0','19.8','26.1','52.5','80.0','0','0','0') | sqlcont.py[236]
2021-08-23 00:13:19,041 | DEBUG | successed in operating sensorDB | sqlcont.py[247]
2021-08-23 00:13:19,042 | INFO | updated sensorDB | main.py[89]
2021-08-23 00:13:19,131 | DEBUG | websocket recv > {"messagetype":"get_parameter"} | main.py[478]
2021-08-23 00:13:19,132 | INFO | websocket recv > get_parameter | main.py[489]
2021-08-23 00:13:19,133 | DEBUG | success loading parameter file ./parameter/main_parameter.json | main.py[288]
2021-08-23 00:13:19,140 | DEBUG | websocket recv > {"messagetype":"get_sensordb"} | main.py[478]
2021-08-23 00:13:19,140 | INFO | websocket recv > get_sensordb | main.py[503]
2021-08-23 00:13:19,141 | DEBUG | mySQL query : select * from sensorDB order by datetimenow desc limit 1 | sqlcont.py[274]
2021-08-23 00:13:19,214 | DEBUG | successed in operating sensorDB | sqlcont.py[288]
2021-08-23 00:13:19,215 | DEBUG | websocket recv > {"messagetype":"get_logdb","args":{"entries":"10","filter":"iwa"}} | main.py[478]
2021-08-23 00:13:19,216 | INFO | websocket recv > get_logdb | main.py[531]
2021-08-23 00:13:19,216 | DEBUG | mySQL query : select * from logDB  order by num desc limit 10 | sqlcont.py[116]
2021-08-23 00:13:19,220 | DEBUG | Successed in operating database logDB | sqlcont.py[141]
2021-08-23 00:13:19,222 | DEBUG | websocket recv > {"messagetype":"get_cameradb","args":{"entries":20}} | main.py[478]
2021-08-23 00:13:19,223 | INFO | websocket recv > get_cameradb | main.py[545]
2021-08-23 00:13:19,223 | DEBUG | mySQL query : select * from cameraDB order by num desc limit 20 | sqlcont.py[169]
2021-08-23 00:13:19,228 | DEBUG | Successed in operating database cameraDB | sqlcont.py[190]
2021-08-23 00:13:24,575 | DEBUG | websocket recv > {"messagetype":"get_parameter"} | main.py[478]
2021-08-23 00:13:24,575 | INFO | websocket recv > get_parameter | main.py[489]
2021-08-23 00:13:24,576 | DEBUG | success loading parameter file ./parameter/main_parameter.json | main.py[288]
2021-08-23 00:13:24,581 | DEBUG | websocket recv > {"messagetype":"get_sensordb"} | main.py[478]
2021-08-23 00:13:24,581 | INFO | websocket recv > get_sensordb | main.py[503]
2021-08-23 00:13:24,582 | DEBUG | mySQL query : select * from sensorDB order by datetimenow desc limit 1 | sqlcont.py[274]
2021-08-23 00:13:24,658 | DEBUG | successed in operating sensorDB | sqlcont.py[288]
2021-08-23 00:13:24,660 | DEBUG | websocket recv > {"messagetype":"get_logdb","args":{"entries":"10","filter":"iwa"}} | main.py[478]
2021-08-23 00:13:24,660 | INFO | websocket recv > get_logdb | main.py[531]
2021-08-23 00:13:24,661 | DEBUG | mySQL query : select * from logDB  order by num desc limit 10 | sqlcont.py[116]
2021-08-23 00:13:24,666 | DEBUG | Successed in operating database logDB | sqlcont.py[141]
2021-08-23 00:13:24,668 | DEBUG | websocket recv > {"messagetype":"get_cameradb","args":{"entries":20}} | main.py[478]
2021-08-23 00:13:24,669 | INFO | websocket recv > get_cameradb | main.py[545]
2021-08-23 00:13:24,669 | DEBUG | mySQL query : select * from cameraDB order by num desc limit 20 | sqlcont.py[169]
2021-08-23 00:13:24,676 | DEBUG | Successed in operating database cameraDB | sqlcont.py[190]
2021-08-23 00:13:24,679 | DEBUG | websocket recv > {"messagetype":"get_dataview","args":{"sensorname":"watar_temperature","period":"1"}} | main.py[478]
2021-08-23 00:13:24,679 | INFO | websocket recv > get_dataview | main.py[517]
2021-08-23 00:13:24,680 | DEBUG | SQL query : SELECT datetimenow,watar_temperature FROM sensorDB WHERE datetimenow BETWEEN '2021-08-22 00:13:24' AND '2021-08-23 00:13:24' | sqlcont.py[337]
2021-08-23 00:13:24,741 | DEBUG | successed in operating sensorDB (dataview) | sqlcont.py[361]
2021-08-23 00:13:45,964 | DEBUG | websocket recv > {"messagetype":"control","args":{"device_id":"camera_take_picmovie"}} | main.py[478]
2021-08-23 00:13:45,965 | INFO | websocket recv > control | main.py[586]
2021-08-23 00:13:45,965 | DEBUG | SQL query : select * from cameraDB order by datetimenow desc limit 1 | sqlcont.py[386]
2021-08-23 00:13:45,970 | DEBUG | SQL query : insert into cameraDB (filename,movieflag) values('183',1); | sqlcont.py[395]
2021-08-23 00:13:45,977 | DEBUG | successed in operating cameraDB | sqlcont.py[405]
2021-08-23 00:13:48,914 | DEBUG | Shell : fswebcam -r 1920x1080 --no-banner -F 10 /home/tapstar/www/img/picture/183.jpg | main.py[241]
2021-08-23 00:13:48,922 | DEBUG | Shell : ffmpeg -y -f alsa -thread_queue_size 8192 -i plughw:CARD=Camera,DEV=0 -f v4l2 -thread_queue_size 8192 -s 640x360 -i /dev/video0 -c:v h264_omx -b:v 768k -c:a aac /home/tapstar/www/img/movie/183.mp4 | main.py[247]
2021-08-23 00:14:03,931 | DEBUG | mySQL query : insert into logDB (logtype,logtext) values('info','写真動画を撮影しました') | sqlcont.py[65]
2021-08-23 00:14:03,945 | DEBUG | successed in operating logDB | sqlcont.py[75]
2021-08-23 00:14:03,946 | INFO | 写真・動画撮影に成功しました | main.py[258]
2021-08-23 00:14:04,050 | DEBUG | tempAir 26.1 C, humAir 72.9 %, status 0, CRC 0xe038, byte [3, 4, 2, 217, 1, 5, 224, 56] | picont.py[114]
2021-08-23 00:14:04,151 | DEBUG | tempWater 19.2 C, tempRef 26.7 C, status 0, byte [0x1, 0x34, 0x1a, 0xb0] | picont.py[190]
2021-08-23 00:14:04,154 | DEBUG | mySQL query : insert into sensorDB (ac100v1,ac100v2,ac100v3,ac100v4,ac100v5,ac100v6,watar_temperature,air_temperature,air_humidity,food_level,status_sensor_watar,status_sensor_air,status) values('0','0','0','0','0','0','21.2','26.1','52.900000000000006','80.0','0','0','0') | sqlcont.py[236]
2021-08-23 00:14:04,162 | DEBUG | successed in operating sensorDB | sqlcont.py[247]
2021-08-23 00:14:04,162 | INFO | updated sensorDB | main.py[89]
2021-08-23 00:14:04,269 | DEBUG | tempAir 26.1 C, humAir 72.9 %, status 0, CRC 0xe038, byte [3, 4, 2, 217, 1, 5, 224, 56] | picont.py[114]
2021-08-23 00:14:04,370 | DEBUG | tempWater 19.5 C, tempRef 26.7 C, status 0, byte [0x1, 0x38, 0x1a, 0xb0] | picont.py[190]
2021-08-23 00:14:04,373 | DEBUG | mySQL query : insert into sensorDB (ac100v1,ac100v2,ac100v3,ac100v4,ac100v5,ac100v6,watar_temperature,air_temperature,air_humidity,food_level,status_sensor_watar,status_sensor_air,status) values('0','0','0','0','0','0','21.5','26.1','52.900000000000006','80.0','0','0','0') | sqlcont.py[236]
2021-08-23 00:14:04,380 | DEBUG | successed in operating sensorDB | sqlcont.py[247]
2021-08-23 00:14:04,381 | INFO | updated sensorDB | main.py[89]
2021-08-23 00:14:04,385 | DEBUG | websocket recv > {"messagetype":"get_parameter"} | main.py[478]
2021-08-23 00:14:04,386 | INFO | websocket recv > get_parameter | main.py[489]
2021-08-23 00:14:04,387 | DEBUG | success loading parameter file ./parameter/main_parameter.json | main.py[288]
2021-08-23 00:14:04,391 | DEBUG | websocket recv > {"messagetype":"get_sensordb"} | main.py[478]
2021-08-23 00:14:04,392 | INFO | websocket recv > get_sensordb | main.py[503]
2021-08-23 00:14:04,392 | DEBUG | mySQL query : select * from sensorDB order by datetimenow desc limit 1 | sqlcont.py[274]
2021-08-23 00:14:04,470 | DEBUG | successed in operating sensorDB | sqlcont.py[288]
2021-08-23 00:14:04,472 | DEBUG | websocket recv > {"messagetype":"get_logdb","args":{"entries":"10","filter":"iwa"}} | main.py[478]
2021-08-23 00:14:04,473 | INFO | websocket recv > get_logdb | main.py[531]
2021-08-23 00:14:04,473 | DEBUG | mySQL query : select * from logDB  order by num desc limit 10 | sqlcont.py[116]
2021-08-23 00:14:04,479 | DEBUG | Successed in operating database logDB | sqlcont.py[141]
2021-08-23 00:14:04,487 | DEBUG | websocket recv > {"messagetype":"get_cameradb","args":{"entries":20}} | main.py[478]
2021-08-23 00:14:04,487 | INFO | websocket recv > get_cameradb | main.py[545]
2021-08-23 00:14:04,488 | DEBUG | mySQL query : select * from cameraDB order by num desc limit 20 | sqlcont.py[169]
2021-08-23 00:14:04,495 | DEBUG | Successed in operating database cameraDB | sqlcont.py[190]
2021-08-23 00:14:26,317 | DEBUG | websocket recv > {"messagetype":"control","args":{"device_id":"camera_take_picmovie"}} | main.py[478]
2021-08-23 00:14:26,318 | INFO | websocket recv > control | main.py[586]
2021-08-23 00:14:26,318 | DEBUG | SQL query : select * from cameraDB order by datetimenow desc limit 1 | sqlcont.py[386]
2021-08-23 00:14:26,323 | DEBUG | SQL query : insert into cameraDB (filename,movieflag) values('184',1); | sqlcont.py[395]
2021-08-23 00:14:26,330 | DEBUG | successed in operating cameraDB | sqlcont.py[405]
2021-08-23 00:14:29,192 | DEBUG | Shell : fswebcam -r 1920x1080 --no-banner -F 10 /home/tapstar/www/img/picture/184.jpg | main.py[241]
2021-08-23 00:14:29,200 | DEBUG | Shell : ffmpeg -y -f alsa -thread_queue_size 8192 -i plughw:CARD=Camera,DEV=0 -f v4l2 -thread_queue_size 8192 -s 640x360 -i /dev/video0 -c:v h264_omx -b:v 768k -c:a aac /home/tapstar/www/img/movie/184.mp4 | main.py[247]
2021-08-23 00:14:44,202 | DEBUG | mySQL query : insert into logDB (logtype,logtext) values('info','写真動画を撮影しました') | sqlcont.py[65]
2021-08-23 00:14:44,215 | DEBUG | successed in operating logDB | sqlcont.py[75]
2021-08-23 00:14:44,216 | INFO | 写真・動画撮影に成功しました | main.py[258]
2021-08-23 00:14:44,319 | DEBUG | tempAir 26.1 C, humAir 73.3 %, status 0, CRC 0xa1f9, byte [3, 4, 2, 221, 1, 5, 161, 249] | picont.py[114]
2021-08-23 00:14:44,421 | DEBUG | tempWater 19.0 C, tempRef 26.7 C, status 0, byte [0x1, 0x30, 0x1a, 0xb0] | picont.py[190]
2021-08-23 00:14:44,424 | DEBUG | mySQL query : insert into sensorDB (ac100v1,ac100v2,ac100v3,ac100v4,ac100v5,ac100v6,watar_temperature,air_temperature,air_humidity,food_level,status_sensor_watar,status_sensor_air,status) values('0','0','0','0','0','0','21.0','26.1','53.3','80.0','0','0','0') | sqlcont.py[236]
2021-08-23 00:14:44,431 | DEBUG | successed in operating sensorDB | sqlcont.py[247]
2021-08-23 00:14:44,431 | INFO | updated sensorDB | main.py[89]
2021-08-23 00:14:44,536 | DEBUG | websocket recv > {"messagetype":"get_parameter"} | main.py[478]
2021-08-23 00:14:44,536 | INFO | websocket recv > get_parameter | main.py[489]
2021-08-23 00:14:44,538 | DEBUG | success loading parameter file ./parameter/main_parameter.json | main.py[288]
2021-08-23 00:14:44,542 | DEBUG | websocket recv > {"messagetype":"get_sensordb"} | main.py[478]
2021-08-23 00:14:44,542 | INFO | websocket recv > get_sensordb | main.py[503]
2021-08-23 00:14:44,543 | DEBUG | mySQL query : select * from sensorDB order by datetimenow desc limit 1 | sqlcont.py[274]
2021-08-23 00:14:44,621 | DEBUG | successed in operating sensorDB | sqlcont.py[288]
2021-08-23 00:14:44,624 | DEBUG | websocket recv > {"messagetype":"get_logdb","args":{"entries":"10","filter":"iwa"}} | main.py[478]
2021-08-23 00:14:44,624 | INFO | websocket recv > get_logdb | main.py[531]
2021-08-23 00:14:44,625 | DEBUG | mySQL query : select * from logDB  order by num desc limit 10 | sqlcont.py[116]
2021-08-23 00:14:44,629 | DEBUG | Successed in operating database logDB | sqlcont.py[141]
2021-08-23 00:14:44,630 | DEBUG | websocket recv > {"messagetype":"get_cameradb","args":{"entries":20}} | main.py[478]
2021-08-23 00:14:44,631 | INFO | websocket recv > get_cameradb | main.py[545]
2021-08-23 00:14:44,631 | DEBUG | mySQL query : select * from cameraDB order by num desc limit 20 | sqlcont.py[169]
2021-08-23 00:14:44,637 | DEBUG | Successed in operating database cameraDB | sqlcont.py[190]
2021-08-23 00:15:04,793 | DEBUG | websocket recv > {"messagetype":"control","args":{"device_id":"camera_take_picmovie"}} | main.py[478]
2021-08-23 00:15:04,794 | INFO | websocket recv > control | main.py[586]
2021-08-23 00:15:04,795 | DEBUG | SQL query : select * from cameraDB order by datetimenow desc limit 1 | sqlcont.py[386]
2021-08-23 00:15:04,800 | DEBUG | SQL query : insert into cameraDB (filename,movieflag) values('185',1); | sqlcont.py[395]
2021-08-23 00:15:04,807 | DEBUG | successed in operating cameraDB | sqlcont.py[405]
2021-08-23 00:15:07,717 | DEBUG | Shell : fswebcam -r 1920x1080 --no-banner -F 10 /home/tapstar/www/img/picture/185.jpg | main.py[241]
2021-08-23 00:15:07,725 | DEBUG | Shell : ffmpeg -y -f alsa -thread_queue_size 8192 -i plughw:CARD=Camera,DEV=0 -f v4l2 -thread_queue_size 8192 -s 640x360 -i /dev/video0 -c:v h264_omx -b:v 768k -c:a aac /home/tapstar/www/img/movie/185.mp4 | main.py[247]
2021-08-23 00:15:22,737 | DEBUG | mySQL query : insert into logDB (logtype,logtext) values('info','写真動画を撮影しました') | sqlcont.py[65]
2021-08-23 00:15:22,745 | DEBUG | successed in operating logDB | sqlcont.py[75]
2021-08-23 00:15:22,746 | INFO | 写真・動画撮影に成功しました | main.py[258]
2021-08-23 00:15:22,849 | DEBUG | tempAir 26.1 C, humAir 73.6 %, status 0, CRC 0x3035, byte [3, 4, 2, 224, 1, 5, 48, 53] | picont.py[114]
2021-08-23 00:15:22,951 | DEBUG | tempWater 18.0 C, tempRef 26.7 C, status 0, byte [0x1, 0x20, 0x1a, 0xb0] | picont.py[190]
2021-08-23 00:15:22,954 | DEBUG | mySQL query : insert into sensorDB (ac100v1,ac100v2,ac100v3,ac100v4,ac100v5,ac100v6,watar_temperature,air_temperature,air_humidity,food_level,status_sensor_watar,status_sensor_air,status) values('0','0','0','0','0','0','20.0','26.1','53.599999999999994','80.0','0','0','0') | sqlcont.py[236]
2021-08-23 00:15:22,961 | DEBUG | successed in operating sensorDB | sqlcont.py[247]
2021-08-23 00:15:22,961 | INFO | updated sensorDB | main.py[89]
2021-08-23 00:15:23,038 | DEBUG | websocket recv > {"messagetype":"get_parameter"} | main.py[478]
2021-08-23 00:15:23,038 | INFO | websocket recv > get_parameter | main.py[489]
2021-08-23 00:15:23,040 | DEBUG | success loading parameter file ./parameter/main_parameter.json | main.py[288]
2021-08-23 00:15:23,046 | DEBUG | websocket recv > {"messagetype":"get_sensordb"} | main.py[478]
2021-08-23 00:15:23,047 | INFO | websocket recv > get_sensordb | main.py[503]
2021-08-23 00:15:23,047 | DEBUG | mySQL query : select * from sensorDB order by datetimenow desc limit 1 | sqlcont.py[274]
2021-08-23 00:15:23,121 | DEBUG | successed in operating sensorDB | sqlcont.py[288]
2021-08-23 00:15:23,123 | DEBUG | websocket recv > {"messagetype":"get_logdb","args":{"entries":"10","filter":"iwa"}} | main.py[478]
2021-08-23 00:15:23,124 | INFO | websocket recv > get_logdb | main.py[531]
2021-08-23 00:15:23,124 | DEBUG | mySQL query : select * from logDB  order by num desc limit 10 | sqlcont.py[116]
2021-08-23 00:15:23,129 | DEBUG | Successed in operating database logDB | sqlcont.py[141]
2021-08-23 00:15:23,131 | DEBUG | websocket recv > {"messagetype":"get_cameradb","args":{"entries":20}} | main.py[478]
2021-08-23 00:15:23,131 | INFO | websocket recv > get_cameradb | main.py[545]
2021-08-23 00:15:23,132 | DEBUG | mySQL query : select * from cameraDB order by num desc limit 20 | sqlcont.py[169]
2021-08-23 00:15:23,138 | DEBUG | Successed in operating database cameraDB | sqlcont.py[190]
